0 verbose cli D:\Node.js\node.exe D:\Node.js\node_modules\npm\bin\npm-cli.js
1 info using npm@10.9.2
2 info using node@v22.13.1
3 silly config load:file:D:\Node.js\node_modules\npm\npmrc
4 silly config load:file:D:\capstone-project\octosight-web-app\.npmrc
5 silly config load:file:C:\Users\Rhesa Tsaqif\.npmrc
6 silly config load:file:C:\Users\Rhesa Tsaqif\AppData\Roaming\npm\etc\npmrc
7 verbose title npm exec tsc --noEmit
8 verbose argv "exec" "--" "tsc" "--noEmit"
9 verbose logfile logs-max:10 dir:D:\capstone-project\octosight-web-app\node_cache\_logs\2026-05-11T02_40_08_797Z-
10 verbose logfile D:\capstone-project\octosight-web-app\node_cache\_logs\2026-05-11T02_40_08_797Z-debug-0.log
11 silly logfile done cleaning log files
12 silly packumentCache heap:4345298944 maxSize:1086324736 maxEntrySize:543162368
13 http fetch GET 200 https://registry.npmjs.org/tsc 389ms (cache miss)
14 silly packumentCache heap:4345298944 maxSize:1086324736 maxEntrySize:543162368
15 http fetch GET 200 https://registry.npmjs.org/npm 563ms
16 silly packumentCache heap:4345298944 maxSize:1086324736 maxEntrySize:543162368
17 silly idealTree buildDeps
18 silly fetch manifest tsc@2.0.4
19 silly packumentCache full:https://registry.npmjs.org/tsc cache-miss
20 http fetch GET 200 https://registry.npmjs.org/tsc 271ms (cache miss)
21 silly packumentCache full:https://registry.npmjs.org/tsc set size:undefined disposed:false
22 silly placeDep ROOT tsc@2.0.4 OK for:  want: 2.0.4
23 silly reify moves {}
24 silly audit bulk request { tsc: [ '2.0.4' ] }
25 http cache tsc@https://registry.npmjs.org/tsc/-/tsc-2.0.4.tgz 0ms (cache hit)
26 silly tarball no local data for tsc@https://registry.npmjs.org/tsc/-/tsc-2.0.4.tgz. Extracting by manifest.
27 http fetch GET 200 https://registry.npmjs.org/tsc/-/tsc-2.0.4.tgz 59ms (cache miss)
28 http fetch POST 200 https://registry.npmjs.org/-/npm/v1/security/advisories/bulk 246ms
29 silly audit report {}
30 verbose cwd D:\capstone-project\octosight-web-app
31 verbose os Windows_NT 10.0.22631
32 verbose node v22.13.1
33 verbose npm  v10.9.2
34 notice
34 notice New [31mmajor[39m version of npm available! [31m10.9.2[39m -> [34m11.14.1[39m
34 notice Changelog: [34mhttps://github.com/npm/cli/releases/tag/v11.14.1[39m
34 notice To update run: [4mnpm install -g npm@11.14.1[24m
34 notice  { force: true, [Symbol(proc-log.meta)]: true }
35 verbose exit 1
36 verbose code 1
